Reading netlist file: "C:\Users\ADMIN\Documents\Watchdog_Kiwi1P5_Project\watchdog_project\impl\gwsynthesis\watchdog_project.vg"
Parsing netlist file "C:\Users\ADMIN\Documents\Watchdog_Kiwi1P5_Project\watchdog_project\impl\gwsynthesis\watchdog_project.vg" completed
Processing netlist completed
Reading constraint file: "C:\Users\ADMIN\Documents\Watchdog_Kiwi1P5_Project\watchdog_project\src\kiwi1p5_pinout.cst"
Physical Constraint parsed completed
Running placement......
[10%] Placement Phase 0 completed
[20%] Placement Phase 1 completed
[30%] Placement Phase 2 completed
[50%] Placement Phase 3 completed
Running routing......
[60%] Routing Phase 0 completed
[70%] Routing Phase 1 completed
[80%] Routing Phase 2 completed
[90%] Routing Phase 3 completed
Running timing analysis......
[95%] Timing analysis completed
Placement and routing completed
Bitstream generation in progress......
Bitstream generation completed
Running power analysis......
[100%] Power analysis completed
Generate file "C:\Users\ADMIN\Documents\Watchdog_Kiwi1P5_Project\watchdog_project\impl\pnr\watchdog_project.power.html" completed
Generate file "C:\Users\ADMIN\Documents\Watchdog_Kiwi1P5_Project\watchdog_project\impl\pnr\watchdog_project.pin.html" completed
Generate file "C:\Users\ADMIN\Documents\Watchdog_Kiwi1P5_Project\watchdog_project\impl\pnr\watchdog_project.rpt.html" completed
Generate file "C:\Users\ADMIN\Documents\Watchdog_Kiwi1P5_Project\watchdog_project\impl\pnr\watchdog_project.rpt.txt" completed
Generate file "C:\Users\ADMIN\Documents\Watchdog_Kiwi1P5_Project\watchdog_project\impl\pnr\watchdog_project.tr.html" completed
Fri Apr 24 15:53:44 2026

