GowinSynthesis start
Running parser ...
Analyzing Verilog file 'C:\Users\ADMIN\Documents\Watchdog_Kiwi1P5_Project\watchdog_project\src\regfile.v'
Analyzing Verilog file 'C:\Users\ADMIN\Documents\Watchdog_Kiwi1P5_Project\watchdog_project\src\sync_debounce.v'
Analyzing Verilog file 'C:\Users\ADMIN\Documents\Watchdog_Kiwi1P5_Project\watchdog_project\src\top_watchdog.v'
Analyzing Verilog file 'C:\Users\ADMIN\Documents\Watchdog_Kiwi1P5_Project\watchdog_project\src\uart_frame_parser.v'
Analyzing Verilog file 'C:\Users\ADMIN\Documents\Watchdog_Kiwi1P5_Project\watchdog_project\src\uart_rx.v'
Analyzing Verilog file 'C:\Users\ADMIN\Documents\Watchdog_Kiwi1P5_Project\watchdog_project\src\uart_tx.v'
Analyzing Verilog file 'C:\Users\ADMIN\Documents\Watchdog_Kiwi1P5_Project\watchdog_project\src\watchdog_core.v'
Compiling module 'top_watchdog'("C:\Users\ADMIN\Documents\Watchdog_Kiwi1P5_Project\watchdog_project\src\top_watchdog.v":16)
Compiling module 'sync_debounce(DELAY_CYCLES=20'd540_000)'("C:\Users\ADMIN\Documents\Watchdog_Kiwi1P5_Project\watchdog_project\src\sync_debounce.v":10)
Compiling module 'uart_rx'("C:\Users\ADMIN\Documents\Watchdog_Kiwi1P5_Project\watchdog_project\src\uart_rx.v":9)
Compiling module 'uart_tx'("C:\Users\ADMIN\Documents\Watchdog_Kiwi1P5_Project\watchdog_project\src\uart_tx.v":9)
Compiling module 'uart_frame_parser'("C:\Users\ADMIN\Documents\Watchdog_Kiwi1P5_Project\watchdog_project\src\uart_frame_parser.v":12)
Compiling module 'regfile'("C:\Users\ADMIN\Documents\Watchdog_Kiwi1P5_Project\watchdog_project\src\regfile.v":11)
Compiling module 'watchdog_core'("C:\Users\ADMIN\Documents\Watchdog_Kiwi1P5_Project\watchdog_project\src\watchdog_core.v":21)
NOTE  (EX0101) : Current top module is "top_watchdog"
[5%] Running netlist conversion ...
Running device independent optimization ...
[10%] Optimizing Phase 0 completed
[15%] Optimizing Phase 1 completed
[25%] Optimizing Phase 2 completed
Running inference ...
[30%] Inferring Phase 0 completed
[40%] Inferring Phase 1 completed
[50%] Inferring Phase 2 completed
[55%] Inferring Phase 3 completed
Running technical mapping ...
[60%] Tech-Mapping Phase 0 completed
[65%] Tech-Mapping Phase 1 completed
[75%] Tech-Mapping Phase 2 completed
[80%] Tech-Mapping Phase 3 completed
[90%] Tech-Mapping Phase 4 completed
[95%] Generate netlist file "C:\Users\ADMIN\Documents\Watchdog_Kiwi1P5_Project\watchdog_project\impl\gwsynthesis\watchdog_project.vg" completed
[100%] Generate report file "C:\Users\ADMIN\Documents\Watchdog_Kiwi1P5_Project\watchdog_project\impl\gwsynthesis\watchdog_project_syn.rpt.html" completed
GowinSynthesis finish
